<?xml version="1.0" encoding="UTF-8"?>
<!-- Generated by org.testng.reporters.JUnitReportReporter -->
<testsuite skipped="0" hostname="MichaelVu-PC" name="tests.Tests" tests="4" failures="0" timestamp="2019-08-27T13:49:04 EDT" time="27.121" errors="0">
  <testcase name="loginTest" time="8.963" classname="tests.Tests"/>
  <testcase name="testOne" time="11.153" classname="tests.Tests"/>
  <testcase name="sampleTest" time="0.003" classname="tests.Tests"/>
  <testcase name="testTwo" time="7.002" classname="tests.Tests"/>
</testsuite> <!-- tests.Tests -->
